<?xml version="1.0" encoding="UTF-8"?>
<!-- Generated by org.testng.reporters.JUnitReportReporter -->
<testsuite hostname="DESKTOP-EUUGNBB" failures="0" tests="13" name="webScrapping.DataProvide" time="0.022" errors="0" timestamp="2024-05-14T12:57:21 IST" skipped="0">
  <testcase classname="webScrapping.DataProvide" name="execute" time="0.001"/>
  <system-out/>
  <testcase classname="webScrapping.DataProvide" name="execute" time="0.001"/>
  <system-out/>
  <testcase classname="webScrapping.DataProvide" name="execute" time="0.001"/>
  <system-out/>
  <testcase classname="webScrapping.DataProvide" name="execute" time="0.001"/>
  <system-out/>
  <testcase classname="webScrapping.DataProvide" name="execute" time="0.002"/>
  <system-out/>
  <testcase classname="webScrapping.DataProvide" name="execute" time="0.001"/>
  <system-out/>
  <testcase classname="webScrapping.DataProvide" name="execute" time="0.001"/>
  <system-out/>
  <testcase classname="webScrapping.DataProvide" name="execute" time="0.001"/>
  <system-out/>
  <testcase classname="webScrapping.DataProvide" name="execute" time="0.002"/>
  <system-out/>
  <testcase classname="webScrapping.DataProvide" name="execute" time="0.001"/>
  <system-out/>
  <testcase classname="webScrapping.DataProvide" name="execute" time="0.009"/>
  <system-out/>
  <testcase classname="webScrapping.DataProvide" name="execute" time="0.000"/>
  <system-out/>
  <testcase classname="webScrapping.DataProvide" name="execute" time="0.001"/>
  <system-out/>
</testsuite> <!-- webScrapping.DataProvide -->
