<?xml version="1.0" encoding="UTF-8"?>
<!-- Generated by org.testng.reporters.JUnitReportReporter -->
<testsuite hostname="DESKTOP-EUUGNBB" failures="0" tests="1" name="demoPack.LoginPage" time="0.070" errors="0" timestamp="2024-02-15T10:40:07 IST" skipped="0">
  <testcase classname="demoPack.LoginPage" name="loginPage" time="0.070"/>
  <system-out/>
</testsuite> <!-- demoPack.LoginPage -->
