<?xml version="1.0" encoding="UTF-8"?>
<!-- Generated by org.testng.reporters.JUnitReportReporter -->
<testsuite hostname="DESKTOP-EUUGNBB" failures="0" tests="6" name="demoPack.DataProviderTesting" time="0.018" errors="0" timestamp="2024-05-13T13:50:26 IST" skipped="0">
  <testcase classname="demoPack.DataProviderTesting" name="setUp" time="0.002"/>
  <system-out/>
  <testcase classname="demoPack.DataProviderTesting" name="setUp" time="0.003"/>
  <system-out/>
  <testcase classname="demoPack.DataProviderTesting" name="setUp" time="0.001"/>
  <system-out/>
  <testcase classname="demoPack.DataProviderTesting" name="setUp" time="0.002"/>
  <system-out/>
  <testcase classname="demoPack.DataProviderTesting" name="setUp" time="0.002"/>
  <system-out/>
  <testcase classname="demoPack.DataProviderTesting" name="setUp" time="0.008"/>
  <system-out/>
</testsuite> <!-- demoPack.DataProviderTesting -->
