<?xml version="1.0" encoding="UTF-8"?>
<!-- Generated by org.testng.reporters.JUnitReportReporter -->
<testsuite hostname="DESKTOP-EUUGNBB" failures="0" tests="3" name="demoPack.WebChartFrameWork" time="18.030" errors="0" timestamp="2024-05-13T15:58:14 IST" skipped="0">
  <testcase classname="demoPack.WebChartFrameWork" name="init" time="8.738"/>
  <system-out/>
  <testcase classname="demoPack.WebChartFrameWork" name="init" time="4.551"/>
  <system-out/>
  <testcase classname="demoPack.WebChartFrameWork" name="init" time="4.741"/>
  <system-out/>
</testsuite> <!-- demoPack.WebChartFrameWork -->
