<?xml version="1.0" encoding="UTF-8"?>
<!-- Generated by org.testng.reporters.JUnitReportReporter -->
<testsuite hostname="DESKTOP-EUUGNBB" failures="0" tests="3" name="webScrapping.FromBasic" time="27.676" errors="0" timestamp="2024-06-07T16:54:51 IST" skipped="0">
  <testcase classname="webScrapping.FromBasic" name="init" time="12.291"/>
  <system-out/>
  <testcase classname="webScrapping.FromBasic" name="setting" time="0.014"/>
  <system-out/>
  <testcase classname="webScrapping.FromBasic" name="init" time="15.371"/>
  <system-out/>
</testsuite> <!-- webScrapping.FromBasic -->
