<?xml version="1.0" encoding="UTF-8"?>
<!-- Generated by org.testng.reporters.JUnitReportReporter -->
<testsuite hostname="DESKTOP-EUUGNBB" failures="0" tests="59" name="webScrapping.Developing" time="956.661" errors="0" timestamp="2024-05-15T17:25:26 IST" skipped="0">
  <testcase classname="webScrapping.Developing" name="init" time="13.657"/>
  <system-out/>
  <testcase classname="webScrapping.Developing" name="init" time="8.941"/>
  <system-out/>
  <testcase classname="webScrapping.Developing" name="init" time="7.297"/>
  <system-out/>
  <testcase classname="webScrapping.Developing" name="init" time="12.387"/>
  <system-out/>
  <testcase classname="webScrapping.Developing" name="init" time="13.880"/>
  <system-out/>
  <testcase classname="webScrapping.Developing" name="init" time="13.124"/>
  <system-out/>
  <testcase classname="webScrapping.Developing" name="init" time="6.807"/>
  <system-out/>
  <testcase classname="webScrapping.Developing" name="init" time="13.742"/>
  <system-out/>
  <testcase classname="webScrapping.Developing" name="init" time="14.470"/>
  <system-out/>
  <testcase classname="webScrapping.Developing" name="init" time="10.244"/>
  <system-out/>
  <testcase classname="webScrapping.Developing" name="init" time="7.180"/>
  <system-out/>
  <testcase classname="webScrapping.Developing" name="init" time="10.921"/>
  <system-out/>
  <testcase classname="webScrapping.Developing" name="init" time="14.197"/>
  <system-out/>
  <testcase classname="webScrapping.Developing" name="init" time="11.480"/>
  <system-out/>
  <testcase classname="webScrapping.Developing" name="init" time="13.173"/>
  <system-out/>
  <testcase classname="webScrapping.Developing" name="init" time="13.719"/>
  <system-out/>
  <testcase classname="webScrapping.Developing" name="init" time="12.388"/>
  <system-out/>
  <testcase classname="webScrapping.Developing" name="init" time="8.745"/>
  <system-out/>
  <testcase classname="webScrapping.Developing" name="init" time="13.613"/>
  <system-out/>
  <testcase classname="webScrapping.Developing" name="init" time="7.471"/>
  <system-out/>
  <testcase classname="webScrapping.Developing" name="init" time="12.067"/>
  <system-out/>
  <testcase classname="webScrapping.Developing" name="init" time="15.486"/>
  <system-out/>
  <testcase classname="webScrapping.Developing" name="init" time="14.322"/>
  <system-out/>
  <testcase classname="webScrapping.Developing" name="init" time="9.922"/>
  <system-out/>
  <testcase classname="webScrapping.Developing" name="init" time="15.766"/>
  <system-out/>
  <testcase classname="webScrapping.Developing" name="init" time="12.061"/>
  <system-out/>
  <testcase classname="webScrapping.Developing" name="init" time="8.492"/>
  <system-out/>
  <testcase classname="webScrapping.Developing" name="init" time="12.728"/>
  <system-out/>
  <testcase classname="webScrapping.Developing" name="init" time="7.595"/>
  <system-out/>
  <testcase classname="webScrapping.Developing" name="init" time="6.283"/>
  <system-out/>
  <testcase classname="webScrapping.Developing" name="init" time="6.743"/>
  <system-out/>
  <testcase classname="webScrapping.Developing" name="init" time="8.528"/>
  <system-out/>
  <testcase classname="webScrapping.Developing" name="init" time="14.147"/>
  <system-out/>
  <testcase classname="webScrapping.Developing" name="init" time="8.094"/>
  <system-out/>
  <testcase classname="webScrapping.Developing" name="init" time="9.874"/>
  <system-out/>
  <testcase classname="webScrapping.Developing" name="init" time="165.516"/>
  <system-out/>
  <testcase classname="webScrapping.Developing" name="init" time="7.160"/>
  <system-out/>
  <testcase classname="webScrapping.Developing" name="init" time="14.931"/>
  <system-out/>
  <testcase classname="webScrapping.Developing" name="init" time="11.566"/>
  <system-out/>
  <testcase classname="webScrapping.Developing" name="init" time="13.713"/>
  <system-out/>
  <testcase classname="webScrapping.Developing" name="init" time="10.246"/>
  <system-out/>
  <testcase classname="webScrapping.Developing" name="init" time="10.637"/>
  <system-out/>
  <testcase classname="webScrapping.Developing" name="init" time="15.028"/>
  <system-out/>
  <testcase classname="webScrapping.Developing" name="init" time="8.655"/>
  <system-out/>
  <testcase classname="webScrapping.Developing" name="init" time="10.728"/>
  <system-out/>
  <testcase classname="webScrapping.Developing" name="init" time="7.235"/>
  <system-out/>
  <testcase classname="webScrapping.Developing" name="init" time="9.602"/>
  <system-out/>
  <testcase classname="webScrapping.Developing" name="init" time="15.257"/>
  <system-out/>
  <testcase classname="webScrapping.Developing" name="init" time="9.631"/>
  <system-out/>
  <testcase classname="webScrapping.Developing" name="init" time="10.538"/>
  <system-out/>
  <testcase classname="webScrapping.Developing" name="init" time="165.254"/>
  <system-out/>
  <testcase classname="webScrapping.Developing" name="init" time="13.677"/>
  <system-out/>
  <testcase classname="webScrapping.Developing" name="init" time="6.424"/>
  <system-out/>
  <testcase classname="webScrapping.Developing" name="init" time="10.366"/>
  <system-out/>
  <testcase classname="webScrapping.Developing" name="init" time="13.536"/>
  <system-out/>
  <testcase classname="webScrapping.Developing" name="init" time="8.945"/>
  <system-out/>
  <testcase classname="webScrapping.Developing" name="init" time="7.171"/>
  <system-out/>
  <testcase classname="webScrapping.Developing" name="init" time="13.234"/>
  <system-out/>
  <testcase classname="webScrapping.Developing" name="init" time="8.067"/>
  <system-out/>
</testsuite> <!-- webScrapping.Developing -->
