<?xml version="1.0" encoding="UTF-8"?>
<!-- Generated by org.testng.reporters.JUnitReportReporter -->
<testsuite hostname="DESKTOP-EUUGNBB" failures="0" tests="1" name="demoPack.Users" time="12.466" errors="0" timestamp="2024-02-21T12:08:13 IST" skipped="0">
  <testcase classname="demoPack.Users" name="loginPage" time="12.466"/>
  <system-out/>
</testsuite> <!-- demoPack.Users -->
