<?xml version="1.0" encoding="UTF-8"?>
<!-- Generated by org.testng.reporters.JUnitReportReporter -->
<testsuite hostname="DESKTOP-EUUGNBB" failures="0" tests="13" name="webScrapping.WebTable" time="0.328" errors="0" timestamp="2024-05-14T13:09:13 IST" skipped="0">
  <testcase classname="webScrapping.WebTable" name="setUp" time="0.031"/>
  <system-out/>
  <testcase classname="webScrapping.WebTable" name="setUp" time="0.024"/>
  <system-out/>
  <testcase classname="webScrapping.WebTable" name="setUp" time="0.024"/>
  <system-out/>
  <testcase classname="webScrapping.WebTable" name="setUp" time="0.023"/>
  <system-out/>
  <testcase classname="webScrapping.WebTable" name="setUp" time="0.023"/>
  <system-out/>
  <testcase classname="webScrapping.WebTable" name="setUp" time="0.021"/>
  <system-out/>
  <testcase classname="webScrapping.WebTable" name="setUp" time="0.045"/>
  <system-out/>
  <testcase classname="webScrapping.WebTable" name="setUp" time="0.022"/>
  <system-out/>
  <testcase classname="webScrapping.WebTable" name="setUp" time="0.023"/>
  <system-out/>
  <testcase classname="webScrapping.WebTable" name="setUp" time="0.022"/>
  <system-out/>
  <testcase classname="webScrapping.WebTable" name="setUp" time="0.018"/>
  <system-out/>
  <testcase classname="webScrapping.WebTable" name="setUp" time="0.027"/>
  <system-out/>
  <testcase classname="webScrapping.WebTable" name="setUp" time="0.025"/>
  <system-out/>
</testsuite> <!-- webScrapping.WebTable -->
