<?xml version="1.0" encoding="UTF-8"?>
<!-- Generated by org.testng.reporters.JUnitReportReporter -->
<testsuite hostname="DESKTOP-EUUGNBB" failures="0" tests="2" name="demoPack.DemoJava" time="13.108" errors="0" timestamp="2024-03-26T14:05:49 IST" skipped="0">
  <testcase classname="demoPack.DemoJava" name="init" time="11.788"/>
  <system-out/>
  <testcase classname="demoPack.DemoJava" name="setUp" time="1.320"/>
  <system-out/>
</testsuite> <!-- demoPack.DemoJava -->
