<?xml version="1.0" encoding="UTF-8"?>
<!-- Generated by org.testng.reporters.JUnitReportReporter -->
<testsuite hostname="DESKTOP-EUUGNBB" failures="0" tests="1" name="demoPack.Training" time="10.765" errors="0" timestamp="2024-02-20T15:43:34 IST" skipped="0">
  <testcase classname="demoPack.Training" name="setUp" time="10.765"/>
  <system-out/>
</testsuite> <!-- demoPack.Training -->
