<?xml version="1.0" encoding="UTF-8"?>
<!-- Generated by org.testng.reporters.JUnitReportReporter -->
<testsuite hostname="DESKTOP-EUUGNBB" failures="0" tests="11" name="demoPack.DemoProject2" time="9.048" errors="0" timestamp="2024-02-19T12:09:49 IST" skipped="0">
  <testcase classname="demoPack.DemoProject2" name="createUser" time="3.447"/>
  <system-out/>
  <testcase classname="demoPack.DemoProject2" name="createCheckSum" time="0.182"/>
  <system-out/>
  <testcase classname="demoPack.DemoProject2" name="createProfile" time="0.361"/>
  <system-out/>
  <testcase classname="demoPack.DemoProject2" name="uploadUser_Photo" time="0.548"/>
  <system-out/>
  <testcase classname="demoPack.DemoProject2" name="upload_ChequeLeaf" time="0.449"/>
  <system-out/>
  <testcase classname="demoPack.DemoProject2" name="upload_PAN" time="0.635"/>
  <system-out/>
  <testcase classname="demoPack.DemoProject2" name="uploadAadhaarXML" time="1.460"/>
  <system-out/>
  <testcase classname="demoPack.DemoProject2" name="uploadAadhaarXML_XML" time="0.395"/>
  <system-out/>
  <testcase classname="demoPack.DemoProject2" name="uploadAadhaarXML_XML_XML" time="0.372"/>
  <system-out/>
  <testcase classname="demoPack.DemoProject2" name="processAllFiles" time="0.943"/>
  <system-out/>
  <testcase classname="demoPack.DemoProject2" name="create_Loan" time="0.256"/>
  <system-out/>
</testsuite> <!-- demoPack.DemoProject2 -->
