<?xml version="1.0" encoding="UTF-8"?>
<!-- Generated by org.testng.reporters.JUnitReportReporter -->
<testsuite hostname="DESKTOP-EUUGNBB" failures="0" tests="2" name="demoPack.DemoProject" time="4.371" errors="0" timestamp="2024-02-21T12:08:13 IST" skipped="0">
  <testcase classname="demoPack.DemoProject" name="qaServer" time="4.301"/>
  <system-out/>
  <testcase classname="demoPack.DemoProject" name="createUser" time="0.070"/>
  <system-out/>
</testsuite> <!-- demoPack.DemoProject -->
